
6/2/22, 5:02:38 PM - ERROR: Download of "https://www.mikacaldera.com/page-section", referred from "/Users/mikacaldera/Downloads/us.sitesucker.mac.sitesucker/www.mikacaldera.com/index.html", failed with error code 404 (not found)
6/2/22, 5:02:38 PM - ERROR: Download of "https://www.mikacaldera.com/image", referred from "/Users/mikacaldera/Downloads/us.sitesucker.mac.sitesucker/www.mikacaldera.com/index.html", failed with error code 404 (not found)
6/2/22, 5:02:38 PM - ERROR: Download of "https://www.mikacaldera.com/false", referred from "/Users/mikacaldera/Downloads/us.sitesucker.mac.sitesucker/www.mikacaldera.com/index.html", failed with error code 404 (not found)
6/2/22, 5:02:38 PM - ERROR: Download of "https://www.mikacaldera.com/page-section", referred from "/Users/mikacaldera/Downloads/us.sitesucker.mac.sitesucker/www.mikacaldera.com/contact.html", failed with error code 404 (not found)
6/2/22, 5:02:38 PM - ERROR: Download of "https://www.mikacaldera.com/false", referred from "/Users/mikacaldera/Downloads/us.sitesucker.mac.sitesucker/www.mikacaldera.com/contact.html", failed with error code 404 (not found)
6/2/22, 5:02:38 PM - ERROR: Download of "https://www.mikacaldera.com/image", referred from "/Users/mikacaldera/Downloads/us.sitesucker.mac.sitesucker/www.mikacaldera.com/contact.html", failed with error code 404 (not found)
6/2/22, 5:02:38 PM - ERROR: Download of "https://www.mikacaldera.com/page-section", referred from "/Users/mikacaldera/Downloads/us.sitesucker.mac.sitesucker/www.mikacaldera.com/contact.html", failed with error code 404 (not found)
6/2/22, 5:02:39 PM - ERROR: Download of "https://www.mikacaldera.com/page-section", referred from "/Users/mikacaldera/Downloads/us.sitesucker.mac.sitesucker/www.mikacaldera.com/cart.html", failed with error code 404 (not found)
6/2/22, 5:02:39 PM - ERROR: Download of "https://www.mikacaldera.com/false", referred from "/Users/mikacaldera/Downloads/us.sitesucker.mac.sitesucker/www.mikacaldera.com/portfolio.html", failed with error code 404 (not found)
6/2/22, 5:02:39 PM - ERROR: Download of "https://www.mikacaldera.com/false", referred from "/Users/mikacaldera/Downloads/us.sitesucker.mac.sitesucker/www.mikacaldera.com/portfolio.html", failed with error code 404 (not found)
6/2/22, 5:02:39 PM - ERROR: Download of "https://www.mikacaldera.com/false", referred from "/Users/mikacaldera/Downloads/us.sitesucker.mac.sitesucker/www.mikacaldera.com/portfolio.html", failed with error code 404 (not found)
6/2/22, 5:02:39 PM - ERROR: Download of "https://www.mikacaldera.com/false", referred from "/Users/mikacaldera/Downloads/us.sitesucker.mac.sitesucker/www.mikacaldera.com/portfolio.html", failed with error code 404 (not found)
6/2/22, 5:02:39 PM - ERROR: Download of "https://www.mikacaldera.com/false", referred from "/Users/mikacaldera/Downloads/us.sitesucker.mac.sitesucker/www.mikacaldera.com/portfolio.html", failed with error code 404 (not found)
6/2/22, 5:02:39 PM - ERROR: Download of "https://www.mikacaldera.com/false", referred from "/Users/mikacaldera/Downloads/us.sitesucker.mac.sitesucker/www.mikacaldera.com/portfolio.html", failed with error code 404 (not found)
6/2/22, 5:02:39 PM - ERROR: Download of "https://www.mikacaldera.com/false", referred from "/Users/mikacaldera/Downloads/us.sitesucker.mac.sitesucker/www.mikacaldera.com/portfolio.html", failed with error code 404 (not found)
6/2/22, 5:02:39 PM - ERROR: Download of "https://www.mikacaldera.com/false", referred from "/Users/mikacaldera/Downloads/us.sitesucker.mac.sitesucker/www.mikacaldera.com/portfolio.html", failed with error code 404 (not found)
6/2/22, 5:02:39 PM - ERROR: Download of "https://www.mikacaldera.com/false", referred from "/Users/mikacaldera/Downloads/us.sitesucker.mac.sitesucker/www.mikacaldera.com/portfolio.html", failed with error code 404 (not found)
6/2/22, 5:02:39 PM - ERROR: Download of "https://www.mikacaldera.com/false", referred from "/Users/mikacaldera/Downloads/us.sitesucker.mac.sitesucker/www.mikacaldera.com/portfolio.html", failed with error code 404 (not found)
6/2/22, 5:02:39 PM - ERROR: Download of "https://www.mikacaldera.com/false", referred from "/Users/mikacaldera/Downloads/us.sitesucker.mac.sitesucker/www.mikacaldera.com/portfolio.html", failed with error code 404 (not found)
6/2/22, 5:02:39 PM - ERROR: Download of "https://www.mikacaldera.com/page-section", referred from "/Users/mikacaldera/Downloads/us.sitesucker.mac.sitesucker/www.mikacaldera.com/portfolio.html", failed with error code 404 (not found)
6/2/22, 5:02:41 PM - ERROR: Download of "https://www.mikacaldera.com/portfolio/page-section", referred from "/Users/mikacaldera/Downloads/us.sitesucker.mac.sitesucker/www.mikacaldera.com/portfolio/livingdocs.html", failed with error code 404 (not found)
6/2/22, 5:02:41 PM - ERROR: Download of "https://www.mikacaldera.com/portfolio/page-section", referred from "/Users/mikacaldera/Downloads/us.sitesucker.mac.sitesucker/www.mikacaldera.com/portfolio/myuconn.html", failed with error code 404 (not found)
6/2/22, 5:02:41 PM - ERROR: Download of "https://www.mikacaldera.com/portfolio/false", referred from "/Users/mikacaldera/Downloads/us.sitesucker.mac.sitesucker/www.mikacaldera.com/portfolio/livingdocs.html", failed with error code 404 (not found)
6/2/22, 5:02:41 PM - ERROR: Download of "https://www.mikacaldera.com/portfolio/false", referred from "/Users/mikacaldera/Downloads/us.sitesucker.mac.sitesucker/www.mikacaldera.com/portfolio/myuconn.html", failed with error code 404 (not found)
6/2/22, 5:02:41 PM - ERROR: Download of "https://www.mikacaldera.com/portfolio/image", referred from "/Users/mikacaldera/Downloads/us.sitesucker.mac.sitesucker/www.mikacaldera.com/portfolio/livingdocs.html", failed with error code 404 (not found)
6/2/22, 5:02:41 PM - ERROR: Download of "https://www.mikacaldera.com/portfolio/image", referred from "/Users/mikacaldera/Downloads/us.sitesucker.mac.sitesucker/www.mikacaldera.com/portfolio/myuconn.html", failed with error code 404 (not found)
6/2/22, 5:02:42 PM - ERROR: Download of "https://www.mikacaldera.com/page-section", referred from "/Users/mikacaldera/Downloads/us.sitesucker.mac.sitesucker/www.mikacaldera.com/resume.html", failed with error code 404 (not found)
6/2/22, 5:02:42 PM - ERROR: Download of "https://www.mikacaldera.com/false", referred from "/Users/mikacaldera/Downloads/us.sitesucker.mac.sitesucker/www.mikacaldera.com/resume.html", failed with error code 404 (not found)
6/2/22, 5:02:42 PM - ERROR: Download of "https://www.mikacaldera.com/image", referred from "/Users/mikacaldera/Downloads/us.sitesucker.mac.sitesucker/www.mikacaldera.com/resume.html", failed with error code 404 (not found)
6/2/22, 5:02:42 PM - ERROR: Download of "https://www.mikacaldera.com/page-section", referred from "/Users/mikacaldera/Downloads/us.sitesucker.mac.sitesucker/www.mikacaldera.com/resume.html", failed with error code 404 (not found)
6/2/22, 5:02:42 PM - ERROR: Download of "https://www.mikacaldera.com/page-section", referred from "/Users/mikacaldera/Downloads/us.sitesucker.mac.sitesucker/www.mikacaldera.com/resume.html", failed with error code 404 (not found)
6/2/22, 5:02:42 PM - ERROR: Download of "https://www.mikacaldera.com/portfolio/page-section", referred from "/Users/mikacaldera/Downloads/us.sitesucker.mac.sitesucker/www.mikacaldera.com/portfolio/marchfarm.html", failed with error code 404 (not found)
6/2/22, 5:02:42 PM - ERROR: Download of "https://www.mikacaldera.com/portfolio/page-section", referred from "/Users/mikacaldera/Downloads/us.sitesucker.mac.sitesucker/www.mikacaldera.com/portfolio/marchfarm.html", failed with error code 404 (not found)
6/2/22, 5:02:42 PM - ERROR: Download of "https://www.mikacaldera.com/portfolio/false", referred from "/Users/mikacaldera/Downloads/us.sitesucker.mac.sitesucker/www.mikacaldera.com/portfolio/marchfarm.html", failed with error code 404 (not found)
6/2/22, 5:02:42 PM - ERROR: Download of "https://www.mikacaldera.com/portfolio/image", referred from "/Users/mikacaldera/Downloads/us.sitesucker.mac.sitesucker/www.mikacaldera.com/portfolio/marchfarm.html", failed with error code 404 (not found)
6/2/22, 5:02:42 PM - ERROR: Download of "https://www.mikacaldera.com/portfolio/false", referred from "/Users/mikacaldera/Downloads/us.sitesucker.mac.sitesucker/www.mikacaldera.com/portfolio/marchfarm.html", failed with error code 404 (not found)
6/2/22, 5:02:42 PM - ERROR: Download of "https://www.mikacaldera.com/portfolio/image", referred from "/Users/mikacaldera/Downloads/us.sitesucker.mac.sitesucker/www.mikacaldera.com/portfolio/marchfarm.html", failed with error code 404 (not found)
6/2/22, 5:02:42 PM - ERROR: Download of "https://www.mikacaldera.com/portfolio/false", referred from "/Users/mikacaldera/Downloads/us.sitesucker.mac.sitesucker/www.mikacaldera.com/portfolio/marchfarm.html", failed with error code 404 (not found)
6/2/22, 5:02:42 PM - ERROR: Download of "https://www.mikacaldera.com/portfolio/image", referred from "/Users/mikacaldera/Downloads/us.sitesucker.mac.sitesucker/www.mikacaldera.com/portfolio/marchfarm.html", failed with error code 404 (not found)
6/2/22, 5:02:42 PM - ERROR: Download of "https://www.mikacaldera.com/portfolio/page-section", referred from "/Users/mikacaldera/Downloads/us.sitesucker.mac.sitesucker/www.mikacaldera.com/portfolio/marchfarm.html", failed with error code 404 (not found)
6/2/22, 5:02:42 PM - ERROR: Download of "https://www.mikacaldera.com/portfolio/false", referred from "/Users/mikacaldera/Downloads/us.sitesucker.mac.sitesucker/www.mikacaldera.com/portfolio/marchfarm.html", failed with error code 404 (not found)
6/2/22, 5:02:42 PM - ERROR: Download of "https://www.mikacaldera.com/portfolio/image", referred from "/Users/mikacaldera/Downloads/us.sitesucker.mac.sitesucker/www.mikacaldera.com/portfolio/marchfarm.html", failed with error code 404 (not found)
6/2/22, 5:02:42 PM - ERROR: Download of "https://www.mikacaldera.com/portfolio/false", referred from "/Users/mikacaldera/Downloads/us.sitesucker.mac.sitesucker/www.mikacaldera.com/portfolio/marchfarm.html", failed with error code 404 (not found)
6/2/22, 5:02:42 PM - ERROR: Download of "https://www.mikacaldera.com/portfolio/image", referred from "/Users/mikacaldera/Downloads/us.sitesucker.mac.sitesucker/www.mikacaldera.com/portfolio/marchfarm.html", failed with error code 404 (not found)
6/2/22, 5:02:42 PM - ERROR: Download of "https://www.mikacaldera.com/portfolio/false", referred from "/Users/mikacaldera/Downloads/us.sitesucker.mac.sitesucker/www.mikacaldera.com/portfolio/marchfarm.html", failed with error code 404 (not found)
6/2/22, 5:02:42 PM - ERROR: Download of "https://www.mikacaldera.com/portfolio/image", referred from "/Users/mikacaldera/Downloads/us.sitesucker.mac.sitesucker/www.mikacaldera.com/portfolio/marchfarm.html", failed with error code 404 (not found)
6/2/22, 5:02:42 PM - ERROR: Download of "https://www.mikacaldera.com/portfolio/page-section", referred from "/Users/mikacaldera/Downloads/us.sitesucker.mac.sitesucker/www.mikacaldera.com/portfolio/marchfarm.html", failed with error code 404 (not found)
6/2/22, 5:02:42 PM - ERROR: Download of "https://www.mikacaldera.com/portfolio/false", referred from "/Users/mikacaldera/Downloads/us.sitesucker.mac.sitesucker/www.mikacaldera.com/portfolio/marchfarm.html", failed with error code 404 (not found)
6/2/22, 5:02:42 PM - ERROR: Download of "https://www.mikacaldera.com/portfolio/image", referred from "/Users/mikacaldera/Downloads/us.sitesucker.mac.sitesucker/www.mikacaldera.com/portfolio/marchfarm.html", failed with error code 404 (not found)
6/2/22, 5:02:42 PM - ERROR: Download of "https://www.mikacaldera.com/portfolio/false", referred from "/Users/mikacaldera/Downloads/us.sitesucker.mac.sitesucker/www.mikacaldera.com/portfolio/marchfarm.html", failed with error code 404 (not found)
6/2/22, 5:02:42 PM - ERROR: Download of "https://www.mikacaldera.com/portfolio/image", referred from "/Users/mikacaldera/Downloads/us.sitesucker.mac.sitesucker/www.mikacaldera.com/portfolio/marchfarm.html", failed with error code 404 (not found)
6/2/22, 5:02:42 PM - ERROR: Download of "https://www.mikacaldera.com/portfolio/false", referred from "/Users/mikacaldera/Downloads/us.sitesucker.mac.sitesucker/www.mikacaldera.com/portfolio/marchfarm.html", failed with error code 404 (not found)
6/2/22, 5:02:42 PM - ERROR: Download of "https://www.mikacaldera.com/portfolio/image", referred from "/Users/mikacaldera/Downloads/us.sitesucker.mac.sitesucker/www.mikacaldera.com/portfolio/marchfarm.html", failed with error code 404 (not found)
6/2/22, 5:02:42 PM - ERROR: Download of "https://www.mikacaldera.com/portfolio/page-section", referred from "/Users/mikacaldera/Downloads/us.sitesucker.mac.sitesucker/www.mikacaldera.com/portfolio/marchfarm.html", failed with error code 404 (not found)
6/2/22, 5:02:42 PM - ERROR: Download of "https://www.mikacaldera.com/portfolio/false", referred from "/Users/mikacaldera/Downloads/us.sitesucker.mac.sitesucker/www.mikacaldera.com/portfolio/marchfarm.html", failed with error code 404 (not found)
6/2/22, 5:02:42 PM - ERROR: Download of "https://www.mikacaldera.com/portfolio/image", referred from "/Users/mikacaldera/Downloads/us.sitesucker.mac.sitesucker/www.mikacaldera.com/portfolio/marchfarm.html", failed with error code 404 (not found)
6/2/22, 5:02:42 PM - ERROR: Download of "https://www.mikacaldera.com/portfolio/false", referred from "/Users/mikacaldera/Downloads/us.sitesucker.mac.sitesucker/www.mikacaldera.com/portfolio/marchfarm.html", failed with error code 404 (not found)
6/2/22, 5:02:42 PM - ERROR: Download of "https://www.mikacaldera.com/portfolio/image", referred from "/Users/mikacaldera/Downloads/us.sitesucker.mac.sitesucker/www.mikacaldera.com/portfolio/marchfarm.html", failed with error code 404 (not found)
6/2/22, 5:02:42 PM - ERROR: Download of "https://www.mikacaldera.com/portfolio/false", referred from "/Users/mikacaldera/Downloads/us.sitesucker.mac.sitesucker/www.mikacaldera.com/portfolio/marchfarm.html", failed with error code 404 (not found)
6/2/22, 5:02:42 PM - ERROR: Download of "https://www.mikacaldera.com/portfolio/image", referred from "/Users/mikacaldera/Downloads/us.sitesucker.mac.sitesucker/www.mikacaldera.com/portfolio/marchfarm.html", failed with error code 404 (not found)
6/2/22, 5:02:42 PM - ERROR: Download of "https://www.mikacaldera.com/portfolio/page-section", referred from "/Users/mikacaldera/Downloads/us.sitesucker.mac.sitesucker/www.mikacaldera.com/portfolio/marchfarm.html", failed with error code 404 (not found)
6/2/22, 5:02:43 PM - ERROR: Download of "https://www.mikacaldera.com/portfolio/page-section", referred from "/Users/mikacaldera/Downloads/us.sitesucker.mac.sitesucker/www.mikacaldera.com/portfolio/riversidechurch.html", failed with error code 404 (not found)
6/2/22, 5:02:43 PM - ERROR: Download of "https://www.mikacaldera.com/portfolio/page-section", referred from "/Users/mikacaldera/Downloads/us.sitesucker.mac.sitesucker/www.mikacaldera.com/portfolio/riversidechurch.html", failed with error code 404 (not found)
6/2/22, 5:02:43 PM - ERROR: Download of "https://www.mikacaldera.com/portfolio/false", referred from "/Users/mikacaldera/Downloads/us.sitesucker.mac.sitesucker/www.mikacaldera.com/portfolio/riversidechurch.html", failed with error code 404 (not found)
6/2/22, 5:02:43 PM - ERROR: Download of "https://www.mikacaldera.com/portfolio/image", referred from "/Users/mikacaldera/Downloads/us.sitesucker.mac.sitesucker/www.mikacaldera.com/portfolio/riversidechurch.html", failed with error code 404 (not found)
6/2/22, 5:02:43 PM - ERROR: Download of "https://www.mikacaldera.com/portfolio/false", referred from "/Users/mikacaldera/Downloads/us.sitesucker.mac.sitesucker/www.mikacaldera.com/portfolio/riversidechurch.html", failed with error code 404 (not found)
6/2/22, 5:02:43 PM - ERROR: Download of "https://www.mikacaldera.com/portfolio/image", referred from "/Users/mikacaldera/Downloads/us.sitesucker.mac.sitesucker/www.mikacaldera.com/portfolio/riversidechurch.html", failed with error code 404 (not found)
6/2/22, 5:02:43 PM - ERROR: Download of "https://www.mikacaldera.com/portfolio/false", referred from "/Users/mikacaldera/Downloads/us.sitesucker.mac.sitesucker/www.mikacaldera.com/portfolio/riversidechurch.html", failed with error code 404 (not found)
6/2/22, 5:02:43 PM - ERROR: Download of "https://www.mikacaldera.com/portfolio/image", referred from "/Users/mikacaldera/Downloads/us.sitesucker.mac.sitesucker/www.mikacaldera.com/portfolio/riversidechurch.html", failed with error code 404 (not found)
6/2/22, 5:02:43 PM - ERROR: Download of "https://www.mikacaldera.com/portfolio/page-section", referred from "/Users/mikacaldera/Downloads/us.sitesucker.mac.sitesucker/www.mikacaldera.com/portfolio/riversidechurch.html", failed with error code 404 (not found)
6/2/22, 5:02:43 PM - ERROR: Download of "https://www.mikacaldera.com/portfolio/false", referred from "/Users/mikacaldera/Downloads/us.sitesucker.mac.sitesucker/www.mikacaldera.com/portfolio/riversidechurch.html", failed with error code 404 (not found)
6/2/22, 5:02:43 PM - ERROR: Download of "https://www.mikacaldera.com/portfolio/image", referred from "/Users/mikacaldera/Downloads/us.sitesucker.mac.sitesucker/www.mikacaldera.com/portfolio/riversidechurch.html", failed with error code 404 (not found)
6/2/22, 5:02:43 PM - ERROR: Download of "https://www.mikacaldera.com/portfolio/false", referred from "/Users/mikacaldera/Downloads/us.sitesucker.mac.sitesucker/www.mikacaldera.com/portfolio/riversidechurch.html", failed with error code 404 (not found)
6/2/22, 5:02:43 PM - ERROR: Download of "https://www.mikacaldera.com/portfolio/image", referred from "/Users/mikacaldera/Downloads/us.sitesucker.mac.sitesucker/www.mikacaldera.com/portfolio/riversidechurch.html", failed with error code 404 (not found)
6/2/22, 5:02:43 PM - ERROR: Download of "https://www.mikacaldera.com/portfolio/false", referred from "/Users/mikacaldera/Downloads/us.sitesucker.mac.sitesucker/www.mikacaldera.com/portfolio/riversidechurch.html", failed with error code 404 (not found)
6/2/22, 5:02:43 PM - ERROR: Download of "https://www.mikacaldera.com/portfolio/image", referred from "/Users/mikacaldera/Downloads/us.sitesucker.mac.sitesucker/www.mikacaldera.com/portfolio/riversidechurch.html", failed with error code 404 (not found)
6/2/22, 5:02:43 PM - ERROR: Download of "https://www.mikacaldera.com/portfolio/page-section", referred from "/Users/mikacaldera/Downloads/us.sitesucker.mac.sitesucker/www.mikacaldera.com/portfolio/riversidechurch.html", failed with error code 404 (not found)
6/2/22, 5:02:43 PM - ERROR: Download of "https://www.mikacaldera.com/portfolio/false", referred from "/Users/mikacaldera/Downloads/us.sitesucker.mac.sitesucker/www.mikacaldera.com/portfolio/riversidechurch.html", failed with error code 404 (not found)
6/2/22, 5:02:43 PM - ERROR: Download of "https://www.mikacaldera.com/portfolio/image", referred from "/Users/mikacaldera/Downloads/us.sitesucker.mac.sitesucker/www.mikacaldera.com/portfolio/riversidechurch.html", failed with error code 404 (not found)
6/2/22, 5:02:43 PM - ERROR: Download of "https://www.mikacaldera.com/portfolio/false", referred from "/Users/mikacaldera/Downloads/us.sitesucker.mac.sitesucker/www.mikacaldera.com/portfolio/riversidechurch.html", failed with error code 404 (not found)
6/2/22, 5:02:43 PM - ERROR: Download of "https://www.mikacaldera.com/portfolio/image", referred from "/Users/mikacaldera/Downloads/us.sitesucker.mac.sitesucker/www.mikacaldera.com/portfolio/riversidechurch.html", failed with error code 404 (not found)
6/2/22, 5:02:43 PM - ERROR: Download of "https://www.mikacaldera.com/portfolio/false", referred from "/Users/mikacaldera/Downloads/us.sitesucker.mac.sitesucker/www.mikacaldera.com/portfolio/riversidechurch.html", failed with error code 404 (not found)
6/2/22, 5:02:43 PM - ERROR: Download of "https://www.mikacaldera.com/portfolio/image", referred from "/Users/mikacaldera/Downloads/us.sitesucker.mac.sitesucker/www.mikacaldera.com/portfolio/riversidechurch.html", failed with error code 404 (not found)
6/2/22, 5:02:43 PM - ERROR: Download of "https://www.mikacaldera.com/portfolio/page-section", referred from "/Users/mikacaldera/Downloads/us.sitesucker.mac.sitesucker/www.mikacaldera.com/portfolio/riversidechurch.html", failed with error code 404 (not found)
6/2/22, 5:02:43 PM - ERROR: Download of "https://www.mikacaldera.com/portfolio/page-section", referred from "/Users/mikacaldera/Downloads/us.sitesucker.mac.sitesucker/www.mikacaldera.com/portfolio/sherman.html", failed with error code 404 (not found)
6/2/22, 5:02:43 PM - ERROR: Download of "https://www.mikacaldera.com/portfolio/page-section", referred from "/Users/mikacaldera/Downloads/us.sitesucker.mac.sitesucker/www.mikacaldera.com/portfolio/sherman.html", failed with error code 404 (not found)
6/2/22, 5:02:43 PM - ERROR: Download of "https://www.mikacaldera.com/portfolio/false", referred from "/Users/mikacaldera/Downloads/us.sitesucker.mac.sitesucker/www.mikacaldera.com/portfolio/sherman.html", failed with error code 404 (not found)
6/2/22, 5:02:43 PM - ERROR: Download of "https://www.mikacaldera.com/portfolio/image", referred from "/Users/mikacaldera/Downloads/us.sitesucker.mac.sitesucker/www.mikacaldera.com/portfolio/sherman.html", failed with error code 404 (not found)
6/2/22, 5:02:43 PM - ERROR: Download of "https://www.mikacaldera.com/portfolio/false", referred from "/Users/mikacaldera/Downloads/us.sitesucker.mac.sitesucker/www.mikacaldera.com/portfolio/sherman.html", failed with error code 404 (not found)
6/2/22, 5:02:43 PM - ERROR: Download of "https://www.mikacaldera.com/portfolio/image", referred from "/Users/mikacaldera/Downloads/us.sitesucker.mac.sitesucker/www.mikacaldera.com/portfolio/sherman.html", failed with error code 404 (not found)
6/2/22, 5:02:43 PM - ERROR: Download of "https://www.mikacaldera.com/portfolio/false", referred from "/Users/mikacaldera/Downloads/us.sitesucker.mac.sitesucker/www.mikacaldera.com/portfolio/sherman.html", failed with error code 404 (not found)
6/2/22, 5:02:43 PM - ERROR: Download of "https://www.mikacaldera.com/portfolio/image", referred from "/Users/mikacaldera/Downloads/us.sitesucker.mac.sitesucker/www.mikacaldera.com/portfolio/sherman.html", failed with error code 404 (not found)
6/2/22, 5:02:43 PM - ERROR: Download of "https://www.mikacaldera.com/portfolio/page-section", referred from "/Users/mikacaldera/Downloads/us.sitesucker.mac.sitesucker/www.mikacaldera.com/portfolio/sherman.html", failed with error code 404 (not found)
6/2/22, 5:02:43 PM - ERROR: Download of "https://www.mikacaldera.com/portfolio/false", referred from "/Users/mikacaldera/Downloads/us.sitesucker.mac.sitesucker/www.mikacaldera.com/portfolio/sherman.html", failed with error code 404 (not found)
6/2/22, 5:02:43 PM - ERROR: Download of "https://www.mikacaldera.com/portfolio/image", referred from "/Users/mikacaldera/Downloads/us.sitesucker.mac.sitesucker/www.mikacaldera.com/portfolio/sherman.html", failed with error code 404 (not found)
6/2/22, 5:02:43 PM - ERROR: Download of "https://www.mikacaldera.com/portfolio/false", referred from "/Users/mikacaldera/Downloads/us.sitesucker.mac.sitesucker/www.mikacaldera.com/portfolio/sherman.html", failed with error code 404 (not found)
6/2/22, 5:02:43 PM - ERROR: Download of "https://www.mikacaldera.com/portfolio/image", referred from "/Users/mikacaldera/Downloads/us.sitesucker.mac.sitesucker/www.mikacaldera.com/portfolio/sherman.html", failed with error code 404 (not found)
6/2/22, 5:02:43 PM - ERROR: Download of "https://www.mikacaldera.com/portfolio/false", referred from "/Users/mikacaldera/Downloads/us.sitesucker.mac.sitesucker/www.mikacaldera.com/portfolio/sherman.html", failed with error code 404 (not found)
6/2/22, 5:02:43 PM - ERROR: Download of "https://www.mikacaldera.com/portfolio/image", referred from "/Users/mikacaldera/Downloads/us.sitesucker.mac.sitesucker/www.mikacaldera.com/portfolio/sherman.html", failed with error code 404 (not found)
6/2/22, 5:02:43 PM - ERROR: Download of "https://www.mikacaldera.com/portfolio/page-section", referred from "/Users/mikacaldera/Downloads/us.sitesucker.mac.sitesucker/www.mikacaldera.com/portfolio/sherman.html", failed with error code 404 (not found)
6/2/22, 5:02:43 PM - ERROR: Download of "https://www.mikacaldera.com/portfolio/page-section", referred from "/Users/mikacaldera/Downloads/us.sitesucker.mac.sitesucker/www.mikacaldera.com/portfolio/advancegroup.html", failed with error code 404 (not found)
6/2/22, 5:02:43 PM - ERROR: Download of "https://www.mikacaldera.com/portfolio/page-section", referred from "/Users/mikacaldera/Downloads/us.sitesucker.mac.sitesucker/www.mikacaldera.com/portfolio/advancegroup.html", failed with error code 404 (not found)
6/2/22, 5:02:43 PM - ERROR: Download of "https://www.mikacaldera.com/portfolio/false", referred from "/Users/mikacaldera/Downloads/us.sitesucker.mac.sitesucker/www.mikacaldera.com/portfolio/advancegroup.html", failed with error code 404 (not found)
6/2/22, 5:02:43 PM - ERROR: Download of "https://www.mikacaldera.com/portfolio/image", referred from "/Users/mikacaldera/Downloads/us.sitesucker.mac.sitesucker/www.mikacaldera.com/portfolio/advancegroup.html", failed with error code 404 (not found)
6/2/22, 5:02:43 PM - ERROR: Download of "https://www.mikacaldera.com/portfolio/false", referred from "/Users/mikacaldera/Downloads/us.sitesucker.mac.sitesucker/www.mikacaldera.com/portfolio/advancegroup.html", failed with error code 404 (not found)
6/2/22, 5:02:43 PM - ERROR: Download of "https://www.mikacaldera.com/portfolio/image", referred from "/Users/mikacaldera/Downloads/us.sitesucker.mac.sitesucker/www.mikacaldera.com/portfolio/advancegroup.html", failed with error code 404 (not found)
6/2/22, 5:02:43 PM - ERROR: Download of "https://www.mikacaldera.com/portfolio/false", referred from "/Users/mikacaldera/Downloads/us.sitesucker.mac.sitesucker/www.mikacaldera.com/portfolio/advancegroup.html", failed with error code 404 (not found)
6/2/22, 5:02:43 PM - ERROR: Download of "https://www.mikacaldera.com/portfolio/image", referred from "/Users/mikacaldera/Downloads/us.sitesucker.mac.sitesucker/www.mikacaldera.com/portfolio/advancegroup.html", failed with error code 404 (not found)
6/2/22, 5:02:43 PM - ERROR: Download of "https://www.mikacaldera.com/portfolio/page-section", referred from "/Users/mikacaldera/Downloads/us.sitesucker.mac.sitesucker/www.mikacaldera.com/portfolio/advancegroup.html", failed with error code 404 (not found)
6/2/22, 5:02:43 PM - ERROR: Download of "https://www.mikacaldera.com/portfolio/false", referred from "/Users/mikacaldera/Downloads/us.sitesucker.mac.sitesucker/www.mikacaldera.com/portfolio/advancegroup.html", failed with error code 404 (not found)
6/2/22, 5:02:43 PM - ERROR: Download of "https://www.mikacaldera.com/portfolio/image", referred from "/Users/mikacaldera/Downloads/us.sitesucker.mac.sitesucker/www.mikacaldera.com/portfolio/advancegroup.html", failed with error code 404 (not found)
6/2/22, 5:02:43 PM - ERROR: Download of "https://www.mikacaldera.com/portfolio/false", referred from "/Users/mikacaldera/Downloads/us.sitesucker.mac.sitesucker/www.mikacaldera.com/portfolio/advancegroup.html", failed with error code 404 (not found)
6/2/22, 5:02:43 PM - ERROR: Download of "https://www.mikacaldera.com/portfolio/image", referred from "/Users/mikacaldera/Downloads/us.sitesucker.mac.sitesucker/www.mikacaldera.com/portfolio/advancegroup.html", failed with error code 404 (not found)
6/2/22, 5:02:43 PM - ERROR: Download of "https://www.mikacaldera.com/portfolio/false", referred from "/Users/mikacaldera/Downloads/us.sitesucker.mac.sitesucker/www.mikacaldera.com/portfolio/advancegroup.html", failed with error code 404 (not found)
6/2/22, 5:02:43 PM - ERROR: Download of "https://www.mikacaldera.com/portfolio/image", referred from "/Users/mikacaldera/Downloads/us.sitesucker.mac.sitesucker/www.mikacaldera.com/portfolio/advancegroup.html", failed with error code 404 (not found)
6/2/22, 5:02:43 PM - ERROR: Download of "https://www.mikacaldera.com/portfolio/page-section", referred from "/Users/mikacaldera/Downloads/us.sitesucker.mac.sitesucker/www.mikacaldera.com/portfolio/advancegroup.html", failed with error code 404 (not found)
6/2/22, 5:02:43 PM - ERROR: Download of "https://www.mikacaldera.com/portfolio/false", referred from "/Users/mikacaldera/Downloads/us.sitesucker.mac.sitesucker/www.mikacaldera.com/portfolio/advancegroup.html", failed with error code 404 (not found)
6/2/22, 5:02:43 PM - ERROR: Download of "https://www.mikacaldera.com/portfolio/image", referred from "/Users/mikacaldera/Downloads/us.sitesucker.mac.sitesucker/www.mikacaldera.com/portfolio/advancegroup.html", failed with error code 404 (not found)
6/2/22, 5:02:43 PM - ERROR: Download of "https://www.mikacaldera.com/portfolio/false", referred from "/Users/mikacaldera/Downloads/us.sitesucker.mac.sitesucker/www.mikacaldera.com/portfolio/advancegroup.html", failed with error code 404 (not found)
6/2/22, 5:02:43 PM - ERROR: Download of "https://www.mikacaldera.com/portfolio/image", referred from "/Users/mikacaldera/Downloads/us.sitesucker.mac.sitesucker/www.mikacaldera.com/portfolio/advancegroup.html", failed with error code 404 (not found)
6/2/22, 5:02:43 PM - ERROR: Download of "https://www.mikacaldera.com/portfolio/false", referred from "/Users/mikacaldera/Downloads/us.sitesucker.mac.sitesucker/www.mikacaldera.com/portfolio/advancegroup.html", failed with error code 404 (not found)
6/2/22, 5:02:43 PM - ERROR: Download of "https://www.mikacaldera.com/portfolio/image", referred from "/Users/mikacaldera/Downloads/us.sitesucker.mac.sitesucker/www.mikacaldera.com/portfolio/advancegroup.html", failed with error code 404 (not found)
6/2/22, 5:02:43 PM - ERROR: Download of "https://www.mikacaldera.com/portfolio/page-section", referred from "/Users/mikacaldera/Downloads/us.sitesucker.mac.sitesucker/www.mikacaldera.com/portfolio/advancegroup.html", failed with error code 404 (not found)
6/2/22, 5:02:43 PM - ERROR: Download of "https://www.mikacaldera.com/portfolio/false", referred from "/Users/mikacaldera/Downloads/us.sitesucker.mac.sitesucker/www.mikacaldera.com/portfolio/advancegroup.html", failed with error code 404 (not found)
6/2/22, 5:02:43 PM - ERROR: Download of "https://www.mikacaldera.com/portfolio/image", referred from "/Users/mikacaldera/Downloads/us.sitesucker.mac.sitesucker/www.mikacaldera.com/portfolio/advancegroup.html", failed with error code 404 (not found)
6/2/22, 5:02:43 PM - ERROR: Download of "https://www.mikacaldera.com/portfolio/false", referred from "/Users/mikacaldera/Downloads/us.sitesucker.mac.sitesucker/www.mikacaldera.com/portfolio/advancegroup.html", failed with error code 404 (not found)
6/2/22, 5:02:43 PM - ERROR: Download of "https://www.mikacaldera.com/portfolio/image", referred from "/Users/mikacaldera/Downloads/us.sitesucker.mac.sitesucker/www.mikacaldera.com/portfolio/advancegroup.html", failed with error code 404 (not found)
6/2/22, 5:02:43 PM - ERROR: Download of "https://www.mikacaldera.com/portfolio/page-section", referred from "/Users/mikacaldera/Downloads/us.sitesucker.mac.sitesucker/www.mikacaldera.com/portfolio/advancegroup.html", failed with error code 404 (not found)
6/2/22, 5:02:43 PM - ERROR: Download of "https://www.mikacaldera.com/portfolio/page-section", referred from "/Users/mikacaldera/Downloads/us.sitesucker.mac.sitesucker/www.mikacaldera.com/portfolio/uncas.html", failed with error code 404 (not found)
6/2/22, 5:02:43 PM - ERROR: Download of "https://www.mikacaldera.com/portfolio/page-section", referred from "/Users/mikacaldera/Downloads/us.sitesucker.mac.sitesucker/www.mikacaldera.com/portfolio/uncas.html", failed with error code 404 (not found)
6/2/22, 5:02:43 PM - ERROR: Download of "https://www.mikacaldera.com/portfolio/false", referred from "/Users/mikacaldera/Downloads/us.sitesucker.mac.sitesucker/www.mikacaldera.com/portfolio/uncas.html", failed with error code 404 (not found)
6/2/22, 5:02:43 PM - ERROR: Download of "https://www.mikacaldera.com/portfolio/image", referred from "/Users/mikacaldera/Downloads/us.sitesucker.mac.sitesucker/www.mikacaldera.com/portfolio/uncas.html", failed with error code 404 (not found)
6/2/22, 5:02:43 PM - ERROR: Download of "https://www.mikacaldera.com/portfolio/false", referred from "/Users/mikacaldera/Downloads/us.sitesucker.mac.sitesucker/www.mikacaldera.com/portfolio/uncas.html", failed with error code 404 (not found)
6/2/22, 5:02:43 PM - ERROR: Download of "https://www.mikacaldera.com/portfolio/image", referred from "/Users/mikacaldera/Downloads/us.sitesucker.mac.sitesucker/www.mikacaldera.com/portfolio/uncas.html", failed with error code 404 (not found)
6/2/22, 5:02:43 PM - ERROR: Download of "https://www.mikacaldera.com/portfolio/false", referred from "/Users/mikacaldera/Downloads/us.sitesucker.mac.sitesucker/www.mikacaldera.com/portfolio/uncas.html", failed with error code 404 (not found)
6/2/22, 5:02:43 PM - ERROR: Download of "https://www.mikacaldera.com/portfolio/image", referred from "/Users/mikacaldera/Downloads/us.sitesucker.mac.sitesucker/www.mikacaldera.com/portfolio/uncas.html", failed with error code 404 (not found)
6/2/22, 5:02:43 PM - ERROR: Download of "https://www.mikacaldera.com/portfolio/page-section", referred from "/Users/mikacaldera/Downloads/us.sitesucker.mac.sitesucker/www.mikacaldera.com/portfolio/uncas.html", failed with error code 404 (not found)
6/2/22, 5:02:43 PM - ERROR: Download of "https://www.mikacaldera.com/portfolio/false", referred from "/Users/mikacaldera/Downloads/us.sitesucker.mac.sitesucker/www.mikacaldera.com/portfolio/uncas.html", failed with error code 404 (not found)
6/2/22, 5:02:43 PM - ERROR: Download of "https://www.mikacaldera.com/portfolio/image", referred from "/Users/mikacaldera/Downloads/us.sitesucker.mac.sitesucker/www.mikacaldera.com/portfolio/uncas.html", failed with error code 404 (not found)
6/2/22, 5:02:43 PM - ERROR: Download of "https://www.mikacaldera.com/portfolio/false", referred from "/Users/mikacaldera/Downloads/us.sitesucker.mac.sitesucker/www.mikacaldera.com/portfolio/uncas.html", failed with error code 404 (not found)
6/2/22, 5:02:43 PM - ERROR: Download of "https://www.mikacaldera.com/portfolio/image", referred from "/Users/mikacaldera/Downloads/us.sitesucker.mac.sitesucker/www.mikacaldera.com/portfolio/uncas.html", failed with error code 404 (not found)
6/2/22, 5:02:43 PM - ERROR: Download of "https://www.mikacaldera.com/portfolio/false", referred from "/Users/mikacaldera/Downloads/us.sitesucker.mac.sitesucker/www.mikacaldera.com/portfolio/uncas.html", failed with error code 404 (not found)
6/2/22, 5:02:43 PM - ERROR: Download of "https://www.mikacaldera.com/portfolio/image", referred from "/Users/mikacaldera/Downloads/us.sitesucker.mac.sitesucker/www.mikacaldera.com/portfolio/uncas.html", failed with error code 404 (not found)
6/2/22, 5:02:43 PM - ERROR: Download of "https://www.mikacaldera.com/portfolio/page-section", referred from "/Users/mikacaldera/Downloads/us.sitesucker.mac.sitesucker/www.mikacaldera.com/portfolio/uncas.html", failed with error code 404 (not found)
6/2/22, 5:02:43 PM - ERROR: Download of "https://www.mikacaldera.com/portfolio/false", referred from "/Users/mikacaldera/Downloads/us.sitesucker.mac.sitesucker/www.mikacaldera.com/portfolio/uncas.html", failed with error code 404 (not found)
6/2/22, 5:02:43 PM - ERROR: Download of "https://www.mikacaldera.com/portfolio/image", referred from "/Users/mikacaldera/Downloads/us.sitesucker.mac.sitesucker/www.mikacaldera.com/portfolio/uncas.html", failed with error code 404 (not found)
6/2/22, 5:02:43 PM - ERROR: Download of "https://www.mikacaldera.com/portfolio/false", referred from "/Users/mikacaldera/Downloads/us.sitesucker.mac.sitesucker/www.mikacaldera.com/portfolio/uncas.html", failed with error code 404 (not found)
6/2/22, 5:02:43 PM - ERROR: Download of "https://www.mikacaldera.com/portfolio/image", referred from "/Users/mikacaldera/Downloads/us.sitesucker.mac.sitesucker/www.mikacaldera.com/portfolio/uncas.html", failed with error code 404 (not found)
6/2/22, 5:02:43 PM - ERROR: Download of "https://www.mikacaldera.com/portfolio/false", referred from "/Users/mikacaldera/Downloads/us.sitesucker.mac.sitesucker/www.mikacaldera.com/portfolio/uncas.html", failed with error code 404 (not found)
6/2/22, 5:02:43 PM - ERROR: Download of "https://www.mikacaldera.com/portfolio/image", referred from "/Users/mikacaldera/Downloads/us.sitesucker.mac.sitesucker/www.mikacaldera.com/portfolio/uncas.html", failed with error code 404 (not found)
6/2/22, 5:02:43 PM - ERROR: Download of "https://www.mikacaldera.com/portfolio/page-section", referred from "/Users/mikacaldera/Downloads/us.sitesucker.mac.sitesucker/www.mikacaldera.com/portfolio/uncas.html", failed with error code 404 (not found)
6/2/22, 5:02:43 PM - ERROR: Download of "https://www.mikacaldera.com/portfolio/page-section", referred from "/Users/mikacaldera/Downloads/us.sitesucker.mac.sitesucker/www.mikacaldera.com/portfolio/whus.html", failed with error code 404 (not found)
6/2/22, 5:02:43 PM - ERROR: Download of "https://www.mikacaldera.com/portfolio/page-section", referred from "/Users/mikacaldera/Downloads/us.sitesucker.mac.sitesucker/www.mikacaldera.com/portfolio/whus.html", failed with error code 404 (not found)
6/2/22, 5:02:43 PM - ERROR: Download of "https://www.mikacaldera.com/portfolio/false", referred from "/Users/mikacaldera/Downloads/us.sitesucker.mac.sitesucker/www.mikacaldera.com/portfolio/whus.html", failed with error code 404 (not found)
6/2/22, 5:02:43 PM - ERROR: Download of "https://www.mikacaldera.com/portfolio/image", referred from "/Users/mikacaldera/Downloads/us.sitesucker.mac.sitesucker/www.mikacaldera.com/portfolio/whus.html", failed with error code 404 (not found)
6/2/22, 5:02:43 PM - ERROR: Download of "https://www.mikacaldera.com/portfolio/false", referred from "/Users/mikacaldera/Downloads/us.sitesucker.mac.sitesucker/www.mikacaldera.com/portfolio/whus.html", failed with error code 404 (not found)
6/2/22, 5:02:43 PM - ERROR: Download of "https://www.mikacaldera.com/portfolio/image", referred from "/Users/mikacaldera/Downloads/us.sitesucker.mac.sitesucker/www.mikacaldera.com/portfolio/whus.html", failed with error code 404 (not found)
6/2/22, 5:02:43 PM - ERROR: Download of "https://www.mikacaldera.com/portfolio/false", referred from "/Users/mikacaldera/Downloads/us.sitesucker.mac.sitesucker/www.mikacaldera.com/portfolio/whus.html", failed with error code 404 (not found)
6/2/22, 5:02:43 PM - ERROR: Download of "https://www.mikacaldera.com/portfolio/image", referred from "/Users/mikacaldera/Downloads/us.sitesucker.mac.sitesucker/www.mikacaldera.com/portfolio/whus.html", failed with error code 404 (not found)
6/2/22, 5:02:43 PM - ERROR: Download of "https://www.mikacaldera.com/portfolio/page-section", referred from "/Users/mikacaldera/Downloads/us.sitesucker.mac.sitesucker/www.mikacaldera.com/portfolio/whus.html", failed with error code 404 (not found)
6/2/22, 5:02:43 PM - ERROR: Download of "https://www.mikacaldera.com/portfolio/false", referred from "/Users/mikacaldera/Downloads/us.sitesucker.mac.sitesucker/www.mikacaldera.com/portfolio/whus.html", failed with error code 404 (not found)
6/2/22, 5:02:43 PM - ERROR: Download of "https://www.mikacaldera.com/portfolio/image", referred from "/Users/mikacaldera/Downloads/us.sitesucker.mac.sitesucker/www.mikacaldera.com/portfolio/whus.html", failed with error code 404 (not found)
6/2/22, 5:02:43 PM - ERROR: Download of "https://www.mikacaldera.com/portfolio/false", referred from "/Users/mikacaldera/Downloads/us.sitesucker.mac.sitesucker/www.mikacaldera.com/portfolio/whus.html", failed with error code 404 (not found)
6/2/22, 5:02:43 PM - ERROR: Download of "https://www.mikacaldera.com/portfolio/image", referred from "/Users/mikacaldera/Downloads/us.sitesucker.mac.sitesucker/www.mikacaldera.com/portfolio/whus.html", failed with error code 404 (not found)
6/2/22, 5:02:43 PM - ERROR: Download of "https://www.mikacaldera.com/portfolio/false", referred from "/Users/mikacaldera/Downloads/us.sitesucker.mac.sitesucker/www.mikacaldera.com/portfolio/whus.html", failed with error code 404 (not found)
6/2/22, 5:02:43 PM - ERROR: Download of "https://www.mikacaldera.com/portfolio/image", referred from "/Users/mikacaldera/Downloads/us.sitesucker.mac.sitesucker/www.mikacaldera.com/portfolio/whus.html", failed with error code 404 (not found)
6/2/22, 5:02:43 PM - ERROR: Download of "https://www.mikacaldera.com/portfolio/false", referred from "/Users/mikacaldera/Downloads/us.sitesucker.mac.sitesucker/www.mikacaldera.com/portfolio/whus.html", failed with error code 404 (not found)
6/2/22, 5:02:43 PM - ERROR: Download of "https://www.mikacaldera.com/portfolio/image", referred from "/Users/mikacaldera/Downloads/us.sitesucker.mac.sitesucker/www.mikacaldera.com/portfolio/whus.html", failed with error code 404 (not found)
6/2/22, 5:02:43 PM - ERROR: Download of "https://www.mikacaldera.com/portfolio/false", referred from "/Users/mikacaldera/Downloads/us.sitesucker.mac.sitesucker/www.mikacaldera.com/portfolio/whus.html", failed with error code 404 (not found)
6/2/22, 5:02:43 PM - ERROR: Download of "https://www.mikacaldera.com/portfolio/image", referred from "/Users/mikacaldera/Downloads/us.sitesucker.mac.sitesucker/www.mikacaldera.com/portfolio/whus.html", failed with error code 404 (not found)
6/2/22, 5:02:43 PM - ERROR: Download of "https://www.mikacaldera.com/portfolio/page-section", referred from "/Users/mikacaldera/Downloads/us.sitesucker.mac.sitesucker/www.mikacaldera.com/portfolio/whus.html", failed with error code 404 (not found)
6/2/22, 5:02:43 PM - ERROR: Download of "https://www.mikacaldera.com/portfolio/page-section", referred from "/Users/mikacaldera/Downloads/us.sitesucker.mac.sitesucker/www.mikacaldera.com/portfolio/unesco.html", failed with error code 404 (not found)
6/2/22, 5:02:43 PM - ERROR: Download of "https://www.mikacaldera.com/portfolio/page-section", referred from "/Users/mikacaldera/Downloads/us.sitesucker.mac.sitesucker/www.mikacaldera.com/portfolio/unesco.html", failed with error code 404 (not found)
6/2/22, 5:02:43 PM - ERROR: Download of "https://www.mikacaldera.com/portfolio/false", referred from "/Users/mikacaldera/Downloads/us.sitesucker.mac.sitesucker/www.mikacaldera.com/portfolio/unesco.html", failed with error code 404 (not found)
6/2/22, 5:02:43 PM - ERROR: Download of "https://www.mikacaldera.com/portfolio/image", referred from "/Users/mikacaldera/Downloads/us.sitesucker.mac.sitesucker/www.mikacaldera.com/portfolio/unesco.html", failed with error code 404 (not found)
6/2/22, 5:02:43 PM - ERROR: Download of "https://www.mikacaldera.com/portfolio/false", referred from "/Users/mikacaldera/Downloads/us.sitesucker.mac.sitesucker/www.mikacaldera.com/portfolio/unesco.html", failed with error code 404 (not found)
6/2/22, 5:02:43 PM - ERROR: Download of "https://www.mikacaldera.com/portfolio/image", referred from "/Users/mikacaldera/Downloads/us.sitesucker.mac.sitesucker/www.mikacaldera.com/portfolio/unesco.html", failed with error code 404 (not found)
6/2/22, 5:02:43 PM - ERROR: Download of "https://www.mikacaldera.com/portfolio/false", referred from "/Users/mikacaldera/Downloads/us.sitesucker.mac.sitesucker/www.mikacaldera.com/portfolio/unesco.html", failed with error code 404 (not found)
6/2/22, 5:02:43 PM - ERROR: Download of "https://www.mikacaldera.com/portfolio/image", referred from "/Users/mikacaldera/Downloads/us.sitesucker.mac.sitesucker/www.mikacaldera.com/portfolio/unesco.html", failed with error code 404 (not found)
6/2/22, 5:02:43 PM - ERROR: Download of "https://www.mikacaldera.com/portfolio/page-section", referred from "/Users/mikacaldera/Downloads/us.sitesucker.mac.sitesucker/www.mikacaldera.com/portfolio/unesco.html", failed with error code 404 (not found)
6/2/22, 5:02:43 PM - ERROR: Download of "https://www.mikacaldera.com/portfolio/page-section", referred from "/Users/mikacaldera/Downloads/us.sitesucker.mac.sitesucker/www.mikacaldera.com/portfolio/yourlips.html", failed with error code 404 (not found)
6/2/22, 5:02:43 PM - ERROR: Download of "https://www.mikacaldera.com/portfolio/page-section", referred from "/Users/mikacaldera/Downloads/us.sitesucker.mac.sitesucker/www.mikacaldera.com/portfolio/yourlips.html", failed with error code 404 (not found)
6/2/22, 5:02:43 PM - ERROR: Download of "https://www.mikacaldera.com/portfolio/false", referred from "/Users/mikacaldera/Downloads/us.sitesucker.mac.sitesucker/www.mikacaldera.com/portfolio/yourlips.html", failed with error code 404 (not found)
6/2/22, 5:02:43 PM - ERROR: Download of "https://www.mikacaldera.com/portfolio/image", referred from "/Users/mikacaldera/Downloads/us.sitesucker.mac.sitesucker/www.mikacaldera.com/portfolio/yourlips.html", failed with error code 404 (not found)
6/2/22, 5:02:43 PM - ERROR: Download of "https://www.mikacaldera.com/portfolio/false", referred from "/Users/mikacaldera/Downloads/us.sitesucker.mac.sitesucker/www.mikacaldera.com/portfolio/yourlips.html", failed with error code 404 (not found)
6/2/22, 5:02:43 PM - ERROR: Download of "https://www.mikacaldera.com/portfolio/image", referred from "/Users/mikacaldera/Downloads/us.sitesucker.mac.sitesucker/www.mikacaldera.com/portfolio/yourlips.html", failed with error code 404 (not found)
6/2/22, 5:02:43 PM - ERROR: Download of "https://www.mikacaldera.com/portfolio/false", referred from "/Users/mikacaldera/Downloads/us.sitesucker.mac.sitesucker/www.mikacaldera.com/portfolio/yourlips.html", failed with error code 404 (not found)
6/2/22, 5:02:43 PM - ERROR: Download of "https://www.mikacaldera.com/portfolio/image", referred from "/Users/mikacaldera/Downloads/us.sitesucker.mac.sitesucker/www.mikacaldera.com/portfolio/yourlips.html", failed with error code 404 (not found)
6/2/22, 5:02:43 PM - ERROR: Download of "https://www.mikacaldera.com/portfolio/false", referred from "/Users/mikacaldera/Downloads/us.sitesucker.mac.sitesucker/www.mikacaldera.com/portfolio/yourlips.html", failed with error code 404 (not found)
6/2/22, 5:02:43 PM - ERROR: Download of "https://www.mikacaldera.com/portfolio/image", referred from "/Users/mikacaldera/Downloads/us.sitesucker.mac.sitesucker/www.mikacaldera.com/portfolio/yourlips.html", failed with error code 404 (not found)
6/2/22, 5:02:43 PM - ERROR: Download of "https://www.mikacaldera.com/portfolio/false", referred from "/Users/mikacaldera/Downloads/us.sitesucker.mac.sitesucker/www.mikacaldera.com/portfolio/yourlips.html", failed with error code 404 (not found)
6/2/22, 5:02:43 PM - ERROR: Download of "https://www.mikacaldera.com/portfolio/image", referred from "/Users/mikacaldera/Downloads/us.sitesucker.mac.sitesucker/www.mikacaldera.com/portfolio/yourlips.html", failed with error code 404 (not found)
6/2/22, 5:02:43 PM - ERROR: Download of "https://www.mikacaldera.com/portfolio/false", referred from "/Users/mikacaldera/Downloads/us.sitesucker.mac.sitesucker/www.mikacaldera.com/portfolio/yourlips.html", failed with error code 404 (not found)
6/2/22, 5:02:43 PM - ERROR: Download of "https://www.mikacaldera.com/portfolio/image", referred from "/Users/mikacaldera/Downloads/us.sitesucker.mac.sitesucker/www.mikacaldera.com/portfolio/yourlips.html", failed with error code 404 (not found)
6/2/22, 5:02:43 PM - ERROR: Download of "https://www.mikacaldera.com/portfolio/page-section", referred from "/Users/mikacaldera/Downloads/us.sitesucker.mac.sitesucker/www.mikacaldera.com/portfolio/yourlips.html", failed with error code 404 (not found)
6/2/22, 5:02:44 PM - ERROR: Download of "https://www.mikacaldera.com/portfolio/page-section", referred from "/Users/mikacaldera/Downloads/us.sitesucker.mac.sitesucker/www.mikacaldera.com/portfolio/sincere-chaos.html", failed with error code 404 (not found)
6/2/22, 5:02:44 PM - ERROR: Download of "https://www.mikacaldera.com/portfolio/page-section", referred from "/Users/mikacaldera/Downloads/us.sitesucker.mac.sitesucker/www.mikacaldera.com/portfolio/sincere-chaos.html", failed with error code 404 (not found)
6/2/22, 5:02:44 PM - ERROR: Download of "https://www.mikacaldera.com/portfolio/false", referred from "/Users/mikacaldera/Downloads/us.sitesucker.mac.sitesucker/www.mikacaldera.com/portfolio/sincere-chaos.html", failed with error code 404 (not found)
6/2/22, 5:02:44 PM - ERROR: Download of "https://www.mikacaldera.com/portfolio/image", referred from "/Users/mikacaldera/Downloads/us.sitesucker.mac.sitesucker/www.mikacaldera.com/portfolio/sincere-chaos.html", failed with error code 404 (not found)
6/2/22, 5:02:44 PM - ERROR: Download of "https://www.mikacaldera.com/portfolio/false", referred from "/Users/mikacaldera/Downloads/us.sitesucker.mac.sitesucker/www.mikacaldera.com/portfolio/sincere-chaos.html", failed with error code 404 (not found)
6/2/22, 5:02:44 PM - ERROR: Download of "https://www.mikacaldera.com/portfolio/image", referred from "/Users/mikacaldera/Downloads/us.sitesucker.mac.sitesucker/www.mikacaldera.com/portfolio/sincere-chaos.html", failed with error code 404 (not found)
6/2/22, 5:02:44 PM - ERROR: Download of "https://www.mikacaldera.com/portfolio/false", referred from "/Users/mikacaldera/Downloads/us.sitesucker.mac.sitesucker/www.mikacaldera.com/portfolio/sincere-chaos.html", failed with error code 404 (not found)
6/2/22, 5:02:44 PM - ERROR: Download of "https://www.mikacaldera.com/portfolio/image", referred from "/Users/mikacaldera/Downloads/us.sitesucker.mac.sitesucker/www.mikacaldera.com/portfolio/sincere-chaos.html", failed with error code 404 (not found)
6/2/22, 5:02:44 PM - ERROR: Download of "https://www.mikacaldera.com/portfolio/page-section", referred from "/Users/mikacaldera/Downloads/us.sitesucker.mac.sitesucker/www.mikacaldera.com/portfolio/sincere-chaos.html", failed with error code 404 (not found)
6/2/22, 5:02:44 PM - ERROR: Download of "https://www.mikacaldera.com/portfolio/false", referred from "/Users/mikacaldera/Downloads/us.sitesucker.mac.sitesucker/www.mikacaldera.com/portfolio/sincere-chaos.html", failed with error code 404 (not found)
6/2/22, 5:02:44 PM - ERROR: Download of "https://www.mikacaldera.com/portfolio/image", referred from "/Users/mikacaldera/Downloads/us.sitesucker.mac.sitesucker/www.mikacaldera.com/portfolio/sincere-chaos.html", failed with error code 404 (not found)
6/2/22, 5:02:44 PM - ERROR: Download of "https://www.mikacaldera.com/portfolio/false", referred from "/Users/mikacaldera/Downloads/us.sitesucker.mac.sitesucker/www.mikacaldera.com/portfolio/sincere-chaos.html", failed with error code 404 (not found)
6/2/22, 5:02:44 PM - ERROR: Download of "https://www.mikacaldera.com/portfolio/image", referred from "/Users/mikacaldera/Downloads/us.sitesucker.mac.sitesucker/www.mikacaldera.com/portfolio/sincere-chaos.html", failed with error code 404 (not found)
6/2/22, 5:02:44 PM - ERROR: Download of "https://www.mikacaldera.com/portfolio/false", referred from "/Users/mikacaldera/Downloads/us.sitesucker.mac.sitesucker/www.mikacaldera.com/portfolio/sincere-chaos.html", failed with error code 404 (not found)
6/2/22, 5:02:44 PM - ERROR: Download of "https://www.mikacaldera.com/portfolio/image", referred from "/Users/mikacaldera/Downloads/us.sitesucker.mac.sitesucker/www.mikacaldera.com/portfolio/sincere-chaos.html", failed with error code 404 (not found)
6/2/22, 5:02:44 PM - ERROR: Download of "https://www.mikacaldera.com/portfolio/false", referred from "/Users/mikacaldera/Downloads/us.sitesucker.mac.sitesucker/www.mikacaldera.com/portfolio/sincere-chaos.html", failed with error code 404 (not found)
6/2/22, 5:02:44 PM - ERROR: Download of "https://www.mikacaldera.com/portfolio/image", referred from "/Users/mikacaldera/Downloads/us.sitesucker.mac.sitesucker/www.mikacaldera.com/portfolio/sincere-chaos.html", failed with error code 404 (not found)
6/2/22, 5:02:44 PM - ERROR: Download of "https://www.mikacaldera.com/portfolio/false", referred from "/Users/mikacaldera/Downloads/us.sitesucker.mac.sitesucker/www.mikacaldera.com/portfolio/sincere-chaos.html", failed with error code 404 (not found)
6/2/22, 5:02:44 PM - ERROR: Download of "https://www.mikacaldera.com/portfolio/image", referred from "/Users/mikacaldera/Downloads/us.sitesucker.mac.sitesucker/www.mikacaldera.com/portfolio/sincere-chaos.html", failed with error code 404 (not found)
6/2/22, 5:02:44 PM - ERROR: Download of "https://www.mikacaldera.com/portfolio/false", referred from "/Users/mikacaldera/Downloads/us.sitesucker.mac.sitesucker/www.mikacaldera.com/portfolio/sincere-chaos.html", failed with error code 404 (not found)
6/2/22, 5:02:44 PM - ERROR: Download of "https://www.mikacaldera.com/portfolio/image", referred from "/Users/mikacaldera/Downloads/us.sitesucker.mac.sitesucker/www.mikacaldera.com/portfolio/sincere-chaos.html", failed with error code 404 (not found)
6/2/22, 5:02:44 PM - ERROR: Download of "https://www.mikacaldera.com/portfolio/page-section", referred from "/Users/mikacaldera/Downloads/us.sitesucker.mac.sitesucker/www.mikacaldera.com/portfolio/sincere-chaos.html", failed with error code 404 (not found)
6/2/22, 5:02:44 PM - ERROR: Download of "https://www.mikacaldera.com/portfolio/false", referred from "/Users/mikacaldera/Downloads/us.sitesucker.mac.sitesucker/www.mikacaldera.com/portfolio/sincere-chaos.html", failed with error code 404 (not found)
6/2/22, 5:02:44 PM - ERROR: Download of "https://www.mikacaldera.com/portfolio/image", referred from "/Users/mikacaldera/Downloads/us.sitesucker.mac.sitesucker/www.mikacaldera.com/portfolio/sincere-chaos.html", failed with error code 404 (not found)
6/2/22, 5:02:44 PM - ERROR: Download of "https://www.mikacaldera.com/portfolio/false", referred from "/Users/mikacaldera/Downloads/us.sitesucker.mac.sitesucker/www.mikacaldera.com/portfolio/sincere-chaos.html", failed with error code 404 (not found)
6/2/22, 5:02:44 PM - ERROR: Download of "https://www.mikacaldera.com/portfolio/image", referred from "/Users/mikacaldera/Downloads/us.sitesucker.mac.sitesucker/www.mikacaldera.com/portfolio/sincere-chaos.html", failed with error code 404 (not found)
6/2/22, 5:02:44 PM - ERROR: Download of "https://www.mikacaldera.com/portfolio/false", referred from "/Users/mikacaldera/Downloads/us.sitesucker.mac.sitesucker/www.mikacaldera.com/portfolio/sincere-chaos.html", failed with error code 404 (not found)
6/2/22, 5:02:44 PM - ERROR: Download of "https://www.mikacaldera.com/portfolio/image", referred from "/Users/mikacaldera/Downloads/us.sitesucker.mac.sitesucker/www.mikacaldera.com/portfolio/sincere-chaos.html", failed with error code 404 (not found)
6/2/22, 5:02:44 PM - ERROR: Download of "https://www.mikacaldera.com/portfolio/false", referred from "/Users/mikacaldera/Downloads/us.sitesucker.mac.sitesucker/www.mikacaldera.com/portfolio/sincere-chaos.html", failed with error code 404 (not found)
6/2/22, 5:02:44 PM - ERROR: Download of "https://www.mikacaldera.com/portfolio/image", referred from "/Users/mikacaldera/Downloads/us.sitesucker.mac.sitesucker/www.mikacaldera.com/portfolio/sincere-chaos.html", failed with error code 404 (not found)
6/2/22, 5:02:44 PM - ERROR: Download of "https://www.mikacaldera.com/portfolio/false", referred from "/Users/mikacaldera/Downloads/us.sitesucker.mac.sitesucker/www.mikacaldera.com/portfolio/sincere-chaos.html", failed with error code 404 (not found)
6/2/22, 5:02:44 PM - ERROR: Download of "https://www.mikacaldera.com/portfolio/image", referred from "/Users/mikacaldera/Downloads/us.sitesucker.mac.sitesucker/www.mikacaldera.com/portfolio/sincere-chaos.html", failed with error code 404 (not found)
6/2/22, 5:02:44 PM - ERROR: Download of "https://www.mikacaldera.com/portfolio/false", referred from "/Users/mikacaldera/Downloads/us.sitesucker.mac.sitesucker/www.mikacaldera.com/portfolio/sincere-chaos.html", failed with error code 404 (not found)
6/2/22, 5:02:44 PM - ERROR: Download of "https://www.mikacaldera.com/portfolio/image", referred from "/Users/mikacaldera/Downloads/us.sitesucker.mac.sitesucker/www.mikacaldera.com/portfolio/sincere-chaos.html", failed with error code 404 (not found)
6/2/22, 5:02:44 PM - ERROR: Download of "https://www.mikacaldera.com/portfolio/false", referred from "/Users/mikacaldera/Downloads/us.sitesucker.mac.sitesucker/www.mikacaldera.com/portfolio/sincere-chaos.html", failed with error code 404 (not found)
6/2/22, 5:02:44 PM - ERROR: Download of "https://www.mikacaldera.com/portfolio/image", referred from "/Users/mikacaldera/Downloads/us.sitesucker.mac.sitesucker/www.mikacaldera.com/portfolio/sincere-chaos.html", failed with error code 404 (not found)
6/2/22, 5:02:44 PM - ERROR: Download of "https://www.mikacaldera.com/portfolio/false", referred from "/Users/mikacaldera/Downloads/us.sitesucker.mac.sitesucker/www.mikacaldera.com/portfolio/sincere-chaos.html", failed with error code 404 (not found)
6/2/22, 5:02:44 PM - ERROR: Download of "https://www.mikacaldera.com/portfolio/image", referred from "/Users/mikacaldera/Downloads/us.sitesucker.mac.sitesucker/www.mikacaldera.com/portfolio/sincere-chaos.html", failed with error code 404 (not found)
6/2/22, 5:02:44 PM - ERROR: Download of "https://www.mikacaldera.com/portfolio/false", referred from "/Users/mikacaldera/Downloads/us.sitesucker.mac.sitesucker/www.mikacaldera.com/portfolio/sincere-chaos.html", failed with error code 404 (not found)
6/2/22, 5:02:44 PM - ERROR: Download of "https://www.mikacaldera.com/portfolio/image", referred from "/Users/mikacaldera/Downloads/us.sitesucker.mac.sitesucker/www.mikacaldera.com/portfolio/sincere-chaos.html", failed with error code 404 (not found)
6/2/22, 5:02:44 PM - ERROR: Download of "https://www.mikacaldera.com/portfolio/page-section", referred from "/Users/mikacaldera/Downloads/us.sitesucker.mac.sitesucker/www.mikacaldera.com/portfolio/sincere-chaos.html", failed with error code 404 (not found)
6/2/22, 5:02:46 PM - ERROR: Download of "http://www.cadc.org/awards/2018/excellence.html", referred from "/Users/mikacaldera/Downloads/us.sitesucker.mac.sitesucker/www.mikacaldera.com/portfolio/marchfarm.html", failed with error code 404 (not found)
6/2/22, 5:02:50 PM - ERROR: Download of "https://github.com/MikaCaldera/wp-whus", referred from "/Users/mikacaldera/Downloads/us.sitesucker.mac.sitesucker/www.mikacaldera.com/portfolio/whus.html", failed with error code 404 (not found)
6/2/22, 5:02:51 PM - ERROR: Download of "https://github.com/MikaCaldera/unesco", referred from "/Users/mikacaldera/Downloads/us.sitesucker.mac.sitesucker/www.mikacaldera.com/portfolio/unesco.html", failed with error code 404 (not found)

---------------------
