
5/30/22, 9:18:07 PM - ERROR: Download of "https://www.linkedin.com/in/mikacaldera", referred from "/Users/mikacaldera/Downloads/us.sitesucker.mac.sitesucker/www.mikacaldera.com/resume.html", failed with error code 999 (server error)
5/30/22, 9:18:07 PM - ERROR: Download of "https://www.linkedin.com/in/mikacaldera", referred from "/Users/mikacaldera/Downloads/us.sitesucker.mac.sitesucker/www.mikacaldera.com/portfolio/myuconn.html", failed with error code 999 (server error)
5/30/22, 9:18:07 PM - ERROR: Download of "https://www.linkedin.com/in/mikacaldera", referred from "/Users/mikacaldera/Downloads/us.sitesucker.mac.sitesucker/www.mikacaldera.com/cart.html", failed with error code 999 (server error)
5/30/22, 9:18:07 PM - ERROR: Download of "https://www.linkedin.com/in/mikacaldera", referred from "/Users/mikacaldera/Downloads/us.sitesucker.mac.sitesucker/www.mikacaldera.com/index.html", failed with error code 999 (server error)
5/30/22, 9:18:07 PM - ERROR: Download of "https://www.linkedin.com/in/mikacaldera", referred from "/Users/mikacaldera/Downloads/us.sitesucker.mac.sitesucker/www.mikacaldera.com/portfolio/livingdocs.html", failed with error code 999 (server error)
5/30/22, 9:18:07 PM - ERROR: Download of "https://www.linkedin.com/in/mikacaldera", referred from "/Users/mikacaldera/Downloads/us.sitesucker.mac.sitesucker/www.mikacaldera.com/portfolio.html", failed with error code 999 (server error)
5/30/22, 9:18:07 PM - ERROR: Download of "https://www.linkedin.com/in/mikacaldera", referred from "/Users/mikacaldera/Downloads/us.sitesucker.mac.sitesucker/www.mikacaldera.com/portfolio/marchfarm.html", failed with error code 999 (server error)
5/30/22, 9:18:07 PM - ERROR: Download of "https://www.linkedin.com/in/mikacaldera", referred from "/Users/mikacaldera/Downloads/us.sitesucker.mac.sitesucker/www.mikacaldera.com/contact.html", failed with error code 999 (server error)
5/30/22, 9:18:22 PM - ERROR: Download of "https://www.linkedin.com/in/mikacaldera", referred from "/Users/mikacaldera/Downloads/us.sitesucker.mac.sitesucker/www.mikacaldera.com/portfolio/advancegroup.html", failed with error code 999 (server error)
5/30/22, 9:18:23 PM - ERROR: Download of "https://www.linkedin.com/in/mikacaldera", referred from "/Users/mikacaldera/Downloads/us.sitesucker.mac.sitesucker/www.mikacaldera.com/portfolio/riversidechurch.html", failed with error code 999 (server error)
5/30/22, 9:18:24 PM - ERROR: Download of "http://www.cadc.org/awards/2018/excellence.html", referred from "/Users/mikacaldera/Downloads/us.sitesucker.mac.sitesucker/www.mikacaldera.com/portfolio/marchfarm.html", failed with error code 404 (not found)
5/30/22, 9:18:24 PM - ERROR: Download of "https://www.linkedin.com/in/mikacaldera", referred from "/Users/mikacaldera/Downloads/us.sitesucker.mac.sitesucker/www.mikacaldera.com/portfolio/uncas.html", failed with error code 999 (server error)
5/30/22, 9:18:24 PM - ERROR: Download of "https://www.linkedin.com/in/mikacaldera", referred from "/Users/mikacaldera/Downloads/us.sitesucker.mac.sitesucker/www.mikacaldera.com/portfolio/sherman.html", failed with error code 999 (server error)
5/30/22, 9:18:24 PM - ERROR: Download of "https://www.linkedin.com/in/mikacaldera", referred from "/Users/mikacaldera/Downloads/us.sitesucker.mac.sitesucker/www.mikacaldera.com/portfolio/whus.html", failed with error code 999 (server error)
5/30/22, 9:18:25 PM - ERROR: Download of "https://www.linkedin.com/in/mikacaldera", referred from "/Users/mikacaldera/Downloads/us.sitesucker.mac.sitesucker/www.mikacaldera.com/portfolio/unesco.html", failed with error code 999 (server error)
5/30/22, 9:18:25 PM - ERROR: Download of "https://www.linkedin.com/in/mikacaldera", referred from "/Users/mikacaldera/Downloads/us.sitesucker.mac.sitesucker/www.mikacaldera.com/portfolio/yourlips.html", failed with error code 999 (server error)
5/30/22, 9:18:25 PM - ERROR: Download of "https://www.linkedin.com/in/mikacaldera", referred from "/Users/mikacaldera/Downloads/us.sitesucker.mac.sitesucker/www.mikacaldera.com/portfolio/sincere-chaos.html", failed with error code 999 (server error)
5/30/22, 9:18:33 PM - ERROR: Download of "https://github.com/MikaCaldera/wp-whus", referred from "/Users/mikacaldera/Downloads/us.sitesucker.mac.sitesucker/www.mikacaldera.com/portfolio/whus.html", failed with error code 404 (not found)
5/30/22, 9:18:34 PM - ERROR: Download of "https://github.com/MikaCaldera/unesco", referred from "/Users/mikacaldera/Downloads/us.sitesucker.mac.sitesucker/www.mikacaldera.com/portfolio/unesco.html", failed with error code 404 (not found)

---------------------
